2015-11-20 21:27:07 4688 [Note] Plugin 'FEDERATED' is disabled.
2015-11-20 21:27:07 4688 [Note] InnoDB: Using atomics to ref count buffer pool pages
2015-11-20 21:27:07 4688 [Note] InnoDB: The InnoDB memory heap is disabled
2015-11-20 21:27:07 4688 [Note] InnoDB: Mutexes and rw_locks use Windows interlocked functions
2015-11-20 21:27:07 4688 [Note] InnoDB: Compressed tables use zlib 1.2.3
2015-11-20 21:27:07 4688 [Note] InnoDB: Not using CPU crc32 instructions
2015-11-20 21:27:07 4688 [Note] InnoDB: Initializing buffer pool, size = 128.0M
2015-11-20 21:27:07 4688 [Note] InnoDB: Completed initialization of buffer pool
2015-11-20 21:27:07 4688 [Note] InnoDB: Highest supported file format is Barracuda.
2015-11-20 21:27:07 4688 [Note] InnoDB: 128 rollback segment(s) are active.
2015-11-20 21:27:07 4688 [Note] InnoDB: Waiting for purge to start
2015-11-20 21:27:07 4688 [Note] InnoDB: 5.6.17 started; log sequence number 1625977
2015-11-20 21:27:07 4688 [Warning] No existing UUID has been found, so we assume that this is the first time that this server has been started. Generating a new UUID: 819cd4cb-9010-11e5-b8f1-448a5b6ef268.
2015-11-20 21:27:07 4688 [Note] Server hostname (bind-address): '*'; port: 3306
2015-11-20 21:27:07 4688 [Note] IPv6 is available.
2015-11-20 21:27:07 4688 [Note]   - '::' resolves to '::';
2015-11-20 21:27:07 4688 [Note] Server socket created on IP: '::'.
2015-11-20 21:27:07 4688 [Note] Event Scheduler: Loaded 0 events
2015-11-20 21:27:07 4688 [Note] wampmysqld64: ready for connections.
Version: '5.6.17'  socket: ''  port: 3306  MySQL Community Server (GPL)
2015-11-21 10:12:08 4688 [Warning] InnoDB: Cannot open table scheduleme/users from the internal data dictionary of InnoDB though the .frm file for the table exists. See http://dev.mysql.com/doc/refman/5.6/en/innodb-troubleshooting.html for how you can resolve the problem.
2015-11-21 10:13:58 4688 [Warning] InnoDB: Cannot open table scheduleme/class from the internal data dictionary of InnoDB though the .frm file for the table exists. See http://dev.mysql.com/doc/refman/5.6/en/innodb-troubleshooting.html for how you can resolve the problem.
2015-11-21 10:13:58 4688 [Warning] InnoDB: Cannot open table scheduleme/department from the internal data dictionary of InnoDB though the .frm file for the table exists. See http://dev.mysql.com/doc/refman/5.6/en/innodb-troubleshooting.html for how you can resolve the problem.
2015-11-21 10:13:58 4688 [Warning] InnoDB: Cannot open table scheduleme/professor from the internal data dictionary of InnoDB though the .frm file for the table exists. See http://dev.mysql.com/doc/refman/5.6/en/innodb-troubleshooting.html for how you can resolve the problem.
2015-11-21 10:13:58 4688 [Warning] InnoDB: Cannot open table scheduleme/textbook from the internal data dictionary of InnoDB though the .frm file for the table exists. See http://dev.mysql.com/doc/refman/5.6/en/innodb-troubleshooting.html for how you can resolve the problem.
2015-11-21 10:13:58 4688 [Warning] InnoDB: Cannot open table scheduleme/university from the internal data dictionary of InnoDB though the .frm file for the table exists. See http://dev.mysql.com/doc/refman/5.6/en/innodb-troubleshooting.html for how you can resolve the problem.
2015-11-21 10:13:58 4688 [Warning] InnoDB: Cannot open table scheduleme/users from the internal data dictionary of InnoDB though the .frm file for the table exists. See http://dev.mysql.com/doc/refman/5.6/en/innodb-troubleshooting.html for how you can resolve the problem.
2015-11-21 10:13:58 4688 [Warning] InnoDB: Cannot open table scheduleme/class from the internal data dictionary of InnoDB though the .frm file for the table exists. See http://dev.mysql.com/doc/refman/5.6/en/innodb-troubleshooting.html for how you can resolve the problem.
2015-11-21 10:13:58 4688 [Warning] InnoDB: Cannot open table scheduleme/department from the internal data dictionary of InnoDB though the .frm file for the table exists. See http://dev.mysql.com/doc/refman/5.6/en/innodb-troubleshooting.html for how you can resolve the problem.
2015-11-21 10:13:58 4688 [Warning] InnoDB: Cannot open table scheduleme/professor from the internal data dictionary of InnoDB though the .frm file for the table exists. See http://dev.mysql.com/doc/refman/5.6/en/innodb-troubleshooting.html for how you can resolve the problem.
2015-11-21 10:13:58 4688 [Warning] InnoDB: Cannot open table scheduleme/textbook from the internal data dictionary of InnoDB though the .frm file for the table exists. See http://dev.mysql.com/doc/refman/5.6/en/innodb-troubleshooting.html for how you can resolve the problem.
2015-11-21 10:13:58 4688 [Warning] InnoDB: Cannot open table scheduleme/university from the internal data dictionary of InnoDB though the .frm file for the table exists. See http://dev.mysql.com/doc/refman/5.6/en/innodb-troubleshooting.html for how you can resolve the problem.
2015-11-21 10:13:58 4688 [Warning] InnoDB: Cannot open table scheduleme/users from the internal data dictionary of InnoDB though the .frm file for the table exists. See http://dev.mysql.com/doc/refman/5.6/en/innodb-troubleshooting.html for how you can resolve the problem.
2015-11-21 10:14:05 4688 [Warning] InnoDB: Cannot open table scheduleme/department from the internal data dictionary of InnoDB though the .frm file for the table exists. See http://dev.mysql.com/doc/refman/5.6/en/innodb-troubleshooting.html for how you can resolve the problem.
2015-11-21 10:14:07 4688 [Warning] InnoDB: Cannot open table scheduleme/class from the internal data dictionary of InnoDB though the .frm file for the table exists. See http://dev.mysql.com/doc/refman/5.6/en/innodb-troubleshooting.html for how you can resolve the problem.
2015-11-21 10:14:09 4688 [Warning] InnoDB: Cannot open table scheduleme/class from the internal data dictionary of InnoDB though the .frm file for the table exists. See http://dev.mysql.com/doc/refman/5.6/en/innodb-troubleshooting.html for how you can resolve the problem.
2015-11-21 10:14:09 4688 [Warning] InnoDB: Cannot open table scheduleme/class from the internal data dictionary of InnoDB though the .frm file for the table exists. See http://dev.mysql.com/doc/refman/5.6/en/innodb-troubleshooting.html for how you can resolve the problem.
2015-11-21 10:14:09 4688 [Warning] InnoDB: Cannot open table scheduleme/class from the internal data dictionary of InnoDB though the .frm file for the table exists. See http://dev.mysql.com/doc/refman/5.6/en/innodb-troubleshooting.html for how you can resolve the problem.
2015-11-21 10:14:09 4688 [Warning] InnoDB: Cannot open table scheduleme/class from the internal data dictionary of InnoDB though the .frm file for the table exists. See http://dev.mysql.com/doc/refman/5.6/en/innodb-troubleshooting.html for how you can resolve the problem.
2015-11-21 10:14:09 4688 [Warning] InnoDB: Cannot open table scheduleme/class from the internal data dictionary of InnoDB though the .frm file for the table exists. See http://dev.mysql.com/doc/refman/5.6/en/innodb-troubleshooting.html for how you can resolve the problem.
2015-11-21 10:14:09 4688 [Warning] InnoDB: Cannot open table scheduleme/class from the internal data dictionary of InnoDB though the .frm file for the table exists. See http://dev.mysql.com/doc/refman/5.6/en/innodb-troubleshooting.html for how you can resolve the problem.
2015-11-21 10:14:09 4688 [Warning] InnoDB: Cannot open table scheduleme/class from the internal data dictionary of InnoDB though the .frm file for the table exists. See http://dev.mysql.com/doc/refman/5.6/en/innodb-troubleshooting.html for how you can resolve the problem.
2015-11-21 10:14:09 4688 [Warning] InnoDB: Cannot open table scheduleme/class from the internal data dictionary of InnoDB though the .frm file for the table exists. See http://dev.mysql.com/doc/refman/5.6/en/innodb-troubleshooting.html for how you can resolve the problem.
2015-11-21 10:14:09 4688 [Warning] InnoDB: Cannot open table scheduleme/class from the internal data dictionary of InnoDB though the .frm file for the table exists. See http://dev.mysql.com/doc/refman/5.6/en/innodb-troubleshooting.html for how you can resolve the problem.
2015-11-21 10:14:09 4688 [Warning] InnoDB: Cannot open table scheduleme/class from the internal data dictionary of InnoDB though the .frm file for the table exists. See http://dev.mysql.com/doc/refman/5.6/en/innodb-troubleshooting.html for how you can resolve the problem.
2015-11-21 10:14:09 4688 [Warning] InnoDB: Cannot open table scheduleme/class from the internal data dictionary of InnoDB though the .frm file for the table exists. See http://dev.mysql.com/doc/refman/5.6/en/innodb-troubleshooting.html for how you can resolve the problem.
2015-11-21 10:14:09 4688 [Warning] InnoDB: Cannot open table scheduleme/class from the internal data dictionary of InnoDB though the .frm file for the table exists. See http://dev.mysql.com/doc/refman/5.6/en/innodb-troubleshooting.html for how you can resolve the problem.
2015-11-21 10:14:09 4688 [Warning] InnoDB: Cannot open table scheduleme/class from the internal data dictionary of InnoDB though the .frm file for the table exists. See http://dev.mysql.com/doc/refman/5.6/en/innodb-troubleshooting.html for how you can resolve the problem.
2015-11-21 10:14:09 4688 [Warning] InnoDB: Cannot open table scheduleme/class from the internal data dictionary of InnoDB though the .frm file for the table exists. See http://dev.mysql.com/doc/refman/5.6/en/innodb-troubleshooting.html for how you can resolve the problem.
2015-11-21 10:14:09 4688 [Warning] InnoDB: Cannot open table scheduleme/class from the internal data dictionary of InnoDB though the .frm file for the table exists. See http://dev.mysql.com/doc/refman/5.6/en/innodb-troubleshooting.html for how you can resolve the problem.
2015-11-21 10:14:09 4688 [Warning] InnoDB: Cannot open table scheduleme/class from the internal data dictionary of InnoDB though the .frm file for the table exists. See http://dev.mysql.com/doc/refman/5.6/en/innodb-troubleshooting.html for how you can resolve the problem.
2015-11-21 10:14:09 4688 [Warning] InnoDB: Cannot open table scheduleme/class from the internal data dictionary of InnoDB though the .frm file for the table exists. See http://dev.mysql.com/doc/refman/5.6/en/innodb-troubleshooting.html for how you can resolve the problem.
2015-11-21 10:14:09 4688 [Warning] InnoDB: Cannot open table scheduleme/class from the internal data dictionary of InnoDB though the .frm file for the table exists. See http://dev.mysql.com/doc/refman/5.6/en/innodb-troubleshooting.html for how you can resolve the problem.
2015-11-21 10:14:10 4688 [Warning] InnoDB: Cannot open table scheduleme/department from the internal data dictionary of InnoDB though the .frm file for the table exists. See http://dev.mysql.com/doc/refman/5.6/en/innodb-troubleshooting.html for how you can resolve the problem.
2015-11-21 10:14:10 4688 [Warning] InnoDB: Cannot open table scheduleme/department from the internal data dictionary of InnoDB though the .frm file for the table exists. See http://dev.mysql.com/doc/refman/5.6/en/innodb-troubleshooting.html for how you can resolve the problem.
2015-11-21 10:14:10 4688 [Warning] InnoDB: Cannot open table scheduleme/department from the internal data dictionary of InnoDB though the .frm file for the table exists. See http://dev.mysql.com/doc/refman/5.6/en/innodb-troubleshooting.html for how you can resolve the problem.
2015-11-21 10:14:10 4688 [Warning] InnoDB: Cannot open table scheduleme/department from the internal data dictionary of InnoDB though the .frm file for the table exists. See http://dev.mysql.com/doc/refman/5.6/en/innodb-troubleshooting.html for how you can resolve the problem.
2015-11-21 10:14:10 4688 [Warning] InnoDB: Cannot open table scheduleme/department from the internal data dictionary of InnoDB though the .frm file for the table exists. See http://dev.mysql.com/doc/refman/5.6/en/innodb-troubleshooting.html for how you can resolve the problem.
2015-11-21 10:14:10 4688 [Warning] InnoDB: Cannot open table scheduleme/department from the internal data dictionary of InnoDB though the .frm file for the table exists. See http://dev.mysql.com/doc/refman/5.6/en/innodb-troubleshooting.html for how you can resolve the problem.
2015-11-21 10:14:10 4688 [Warning] InnoDB: Cannot open table scheduleme/department from the internal data dictionary of InnoDB though the .frm file for the table exists. See http://dev.mysql.com/doc/refman/5.6/en/innodb-troubleshooting.html for how you can resolve the problem.
2015-11-21 10:14:10 4688 [Warning] InnoDB: Cannot open table scheduleme/department from the internal data dictionary of InnoDB though the .frm file for the table exists. See http://dev.mysql.com/doc/refman/5.6/en/innodb-troubleshooting.html for how you can resolve the problem.
2015-11-21 10:14:10 4688 [Warning] InnoDB: Cannot open table scheduleme/department from the internal data dictionary of InnoDB though the .frm file for the table exists. See http://dev.mysql.com/doc/refman/5.6/en/innodb-troubleshooting.html for how you can resolve the problem.
2015-11-21 10:14:10 4688 [Warning] InnoDB: Cannot open table scheduleme/department from the internal data dictionary of InnoDB though the .frm file for the table exists. See http://dev.mysql.com/doc/refman/5.6/en/innodb-troubleshooting.html for how you can resolve the problem.
2015-11-21 10:14:10 4688 [Warning] InnoDB: Cannot open table scheduleme/department from the internal data dictionary of InnoDB though the .frm file for the table exists. See http://dev.mysql.com/doc/refman/5.6/en/innodb-troubleshooting.html for how you can resolve the problem.
2015-11-21 10:14:10 4688 [Warning] InnoDB: Cannot open table scheduleme/department from the internal data dictionary of InnoDB though the .frm file for the table exists. See http://dev.mysql.com/doc/refman/5.6/en/innodb-troubleshooting.html for how you can resolve the problem.
2015-11-21 10:14:10 4688 [Warning] InnoDB: Cannot open table scheduleme/department from the internal data dictionary of InnoDB though the .frm file for the table exists. See http://dev.mysql.com/doc/refman/5.6/en/innodb-troubleshooting.html for how you can resolve the problem.
2015-11-21 10:14:10 4688 [Warning] InnoDB: Cannot open table scheduleme/department from the internal data dictionary of InnoDB though the .frm file for the table exists. See http://dev.mysql.com/doc/refman/5.6/en/innodb-troubleshooting.html for how you can resolve the problem.
2015-11-21 10:14:10 4688 [Warning] InnoDB: Cannot open table scheduleme/department from the internal data dictionary of InnoDB though the .frm file for the table exists. See http://dev.mysql.com/doc/refman/5.6/en/innodb-troubleshooting.html for how you can resolve the problem.
2015-11-21 10:14:10 4688 [Warning] InnoDB: Cannot open table scheduleme/department from the internal data dictionary of InnoDB though the .frm file for the table exists. See http://dev.mysql.com/doc/refman/5.6/en/innodb-troubleshooting.html for how you can resolve the problem.
2015-11-21 10:14:10 4688 [Warning] InnoDB: Cannot open table scheduleme/department from the internal data dictionary of InnoDB though the .frm file for the table exists. See http://dev.mysql.com/doc/refman/5.6/en/innodb-troubleshooting.html for how you can resolve the problem.
2015-11-21 10:14:10 4688 [Warning] InnoDB: Cannot open table scheduleme/department from the internal data dictionary of InnoDB though the .frm file for the table exists. See http://dev.mysql.com/doc/refman/5.6/en/innodb-troubleshooting.html for how you can resolve the problem.
2015-11-21 10:14:11 4688 [Warning] InnoDB: Cannot open table scheduleme/textbook from the internal data dictionary of InnoDB though the .frm file for the table exists. See http://dev.mysql.com/doc/refman/5.6/en/innodb-troubleshooting.html for how you can resolve the problem.
2015-11-21 10:14:15 4688 [Warning] InnoDB: Cannot open table scheduleme/professor from the internal data dictionary of InnoDB though the .frm file for the table exists. See http://dev.mysql.com/doc/refman/5.6/en/innodb-troubleshooting.html for how you can resolve the problem.
2015-11-21 10:14:16 4688 [Warning] InnoDB: Cannot open table scheduleme/professor from the internal data dictionary of InnoDB though the .frm file for the table exists. See http://dev.mysql.com/doc/refman/5.6/en/innodb-troubleshooting.html for how you can resolve the problem.
2015-11-21 10:14:16 4688 [Warning] InnoDB: Cannot open table scheduleme/professor from the internal data dictionary of InnoDB though the .frm file for the table exists. See http://dev.mysql.com/doc/refman/5.6/en/innodb-troubleshooting.html for how you can resolve the problem.
2015-11-21 10:14:16 4688 [Warning] InnoDB: Cannot open table scheduleme/professor from the internal data dictionary of InnoDB though the .frm file for the table exists. See http://dev.mysql.com/doc/refman/5.6/en/innodb-troubleshooting.html for how you can resolve the problem.
2015-11-21 10:14:16 4688 [Warning] InnoDB: Cannot open table scheduleme/professor from the internal data dictionary of InnoDB though the .frm file for the table exists. See http://dev.mysql.com/doc/refman/5.6/en/innodb-troubleshooting.html for how you can resolve the problem.
2015-11-21 10:14:16 4688 [Warning] InnoDB: Cannot open table scheduleme/professor from the internal data dictionary of InnoDB though the .frm file for the table exists. See http://dev.mysql.com/doc/refman/5.6/en/innodb-troubleshooting.html for how you can resolve the problem.
2015-11-21 10:14:16 4688 [Warning] InnoDB: Cannot open table scheduleme/professor from the internal data dictionary of InnoDB though the .frm file for the table exists. See http://dev.mysql.com/doc/refman/5.6/en/innodb-troubleshooting.html for how you can resolve the problem.
2015-11-21 10:14:16 4688 [Warning] InnoDB: Cannot open table scheduleme/professor from the internal data dictionary of InnoDB though the .frm file for the table exists. See http://dev.mysql.com/doc/refman/5.6/en/innodb-troubleshooting.html for how you can resolve the problem.
2015-11-21 10:14:16 4688 [Warning] InnoDB: Cannot open table scheduleme/professor from the internal data dictionary of InnoDB though the .frm file for the table exists. See http://dev.mysql.com/doc/refman/5.6/en/innodb-troubleshooting.html for how you can resolve the problem.
2015-11-21 10:14:16 4688 [Warning] InnoDB: Cannot open table scheduleme/professor from the internal data dictionary of InnoDB though the .frm file for the table exists. See http://dev.mysql.com/doc/refman/5.6/en/innodb-troubleshooting.html for how you can resolve the problem.
2015-11-21 10:14:16 4688 [Warning] InnoDB: Cannot open table scheduleme/professor from the internal data dictionary of InnoDB though the .frm file for the table exists. See http://dev.mysql.com/doc/refman/5.6/en/innodb-troubleshooting.html for how you can resolve the problem.
2015-11-21 10:14:16 4688 [Warning] InnoDB: Cannot open table scheduleme/professor from the internal data dictionary of InnoDB though the .frm file for the table exists. See http://dev.mysql.com/doc/refman/5.6/en/innodb-troubleshooting.html for how you can resolve the problem.
2015-11-21 10:14:16 4688 [Warning] InnoDB: Cannot open table scheduleme/professor from the internal data dictionary of InnoDB though the .frm file for the table exists. See http://dev.mysql.com/doc/refman/5.6/en/innodb-troubleshooting.html for how you can resolve the problem.
2015-11-21 10:14:16 4688 [Warning] InnoDB: Cannot open table scheduleme/professor from the internal data dictionary of InnoDB though the .frm file for the table exists. See http://dev.mysql.com/doc/refman/5.6/en/innodb-troubleshooting.html for how you can resolve the problem.
2015-11-21 10:14:16 4688 [Warning] InnoDB: Cannot open table scheduleme/professor from the internal data dictionary of InnoDB though the .frm file for the table exists. See http://dev.mysql.com/doc/refman/5.6/en/innodb-troubleshooting.html for how you can resolve the problem.
2015-11-21 10:14:16 4688 [Warning] InnoDB: Cannot open table scheduleme/professor from the internal data dictionary of InnoDB though the .frm file for the table exists. See http://dev.mysql.com/doc/refman/5.6/en/innodb-troubleshooting.html for how you can resolve the problem.
2015-11-21 10:14:16 4688 [Warning] InnoDB: Cannot open table scheduleme/professor from the internal data dictionary of InnoDB though the .frm file for the table exists. See http://dev.mysql.com/doc/refman/5.6/en/innodb-troubleshooting.html for how you can resolve the problem.
2015-11-21 10:14:16 4688 [Warning] InnoDB: Cannot open table scheduleme/professor from the internal data dictionary of InnoDB though the .frm file for the table exists. See http://dev.mysql.com/doc/refman/5.6/en/innodb-troubleshooting.html for how you can resolve the problem.
2015-11-21 10:14:16 4688 [Warning] InnoDB: Cannot open table scheduleme/professor from the internal data dictionary of InnoDB though the .frm file for the table exists. See http://dev.mysql.com/doc/refman/5.6/en/innodb-troubleshooting.html for how you can resolve the problem.
2015-11-21 10:14:18 4688 [Warning] InnoDB: Cannot open table scheduleme/professor from the internal data dictionary of InnoDB though the .frm file for the table exists. See http://dev.mysql.com/doc/refman/5.6/en/innodb-troubleshooting.html for how you can resolve the problem.
2015-11-21 10:14:19 4688 [Warning] InnoDB: Cannot open table scheduleme/professor from the internal data dictionary of InnoDB though the .frm file for the table exists. See http://dev.mysql.com/doc/refman/5.6/en/innodb-troubleshooting.html for how you can resolve the problem.
2015-11-21 10:14:19 4688 [Warning] InnoDB: Cannot open table scheduleme/professor from the internal data dictionary of InnoDB though the .frm file for the table exists. See http://dev.mysql.com/doc/refman/5.6/en/innodb-troubleshooting.html for how you can resolve the problem.
2015-11-21 10:14:19 4688 [Warning] InnoDB: Cannot open table scheduleme/professor from the internal data dictionary of InnoDB though the .frm file for the table exists. See http://dev.mysql.com/doc/refman/5.6/en/innodb-troubleshooting.html for how you can resolve the problem.
2015-11-21 10:14:19 4688 [Warning] InnoDB: Cannot open table scheduleme/professor from the internal data dictionary of InnoDB though the .frm file for the table exists. See http://dev.mysql.com/doc/refman/5.6/en/innodb-troubleshooting.html for how you can resolve the problem.
2015-11-21 10:14:19 4688 [Warning] InnoDB: Cannot open table scheduleme/professor from the internal data dictionary of InnoDB though the .frm file for the table exists. See http://dev.mysql.com/doc/refman/5.6/en/innodb-troubleshooting.html for how you can resolve the problem.
2015-11-21 10:14:19 4688 [Warning] InnoDB: Cannot open table scheduleme/professor from the internal data dictionary of InnoDB though the .frm file for the table exists. See http://dev.mysql.com/doc/refman/5.6/en/innodb-troubleshooting.html for how you can resolve the problem.
2015-11-21 10:15:41 4688 [Note] wampmysqld64: Normal shutdown

2015-11-21 10:15:41 4688 [Note] Giving 0 client threads a chance to die gracefully
2015-11-21 10:15:41 4688 [Note] Event Scheduler: Purging the queue. 0 events
2015-11-21 10:15:41 4688 [Note] Shutting down slave threads
2015-11-21 10:15:41 4688 [Note] Forcefully disconnecting 0 remaining clients
2015-11-21 10:15:41 4688 [Note] Binlog end
2015-11-21 10:15:41 4688 [Note] Shutting down plugin 'partition'
2015-11-21 10:15:41 4688 [Note] Shutting down plugin 'PERFORMANCE_SCHEMA'
2015-11-21 10:15:41 4688 [Note] Shutting down plugin 'INNODB_SYS_DATAFILES'
2015-11-21 10:15:41 4688 [Note] Shutting down plugin 'INNODB_SYS_TABLESPACES'
2015-11-21 10:15:41 4688 [Note] Shutting down plugin 'INNODB_SYS_FOREIGN_COLS'
2015-11-21 10:15:41 4688 [Note] Shutting down plugin 'INNODB_SYS_FOREIGN'
2015-11-21 10:15:41 4688 [Note] Shutting down plugin 'INNODB_SYS_FIELDS'
2015-11-21 10:15:41 4688 [Note] Shutting down plugin 'INNODB_SYS_COLUMNS'
2015-11-21 10:15:41 4688 [Note] Shutting down plugin 'INNODB_SYS_INDEXES'
2015-11-21 10:15:41 4688 [Note] Shutting down plugin 'INNODB_SYS_TABLESTATS'
2015-11-21 10:15:41 4688 [Note] Shutting down plugin 'INNODB_SYS_TABLES'
2015-11-21 10:15:41 4688 [Note] Shutting down plugin 'INNODB_FT_INDEX_TABLE'
2015-11-21 10:15:41 4688 [Note] Shutting down plugin 'INNODB_FT_INDEX_CACHE'
2015-11-21 10:15:41 4688 [Note] Shutting down plugin 'INNODB_FT_CONFIG'
2015-11-21 10:15:41 4688 [Note] Shutting down plugin 'INNODB_FT_BEING_DELETED'
2015-11-21 10:15:41 4688 [Note] Shutting down plugin 'INNODB_FT_DELETED'
2015-11-21 10:15:41 4688 [Note] Shutting down plugin 'INNODB_FT_DEFAULT_STOPWORD'
2015-11-21 10:15:41 4688 [Note] Shutting down plugin 'INNODB_METRICS'
2015-11-21 10:15:41 4688 [Note] Shutting down plugin 'INNODB_BUFFER_POOL_STATS'
2015-11-21 10:15:41 4688 [Note] Shutting down plugin 'INNODB_BUFFER_PAGE_LRU'
2015-11-21 10:15:41 4688 [Note] Shutting down plugin 'INNODB_BUFFER_PAGE'
2015-11-21 10:15:41 4688 [Note] Shutting down plugin 'INNODB_CMP_PER_INDEX_RESET'
2015-11-21 10:15:41 4688 [Note] Shutting down plugin 'INNODB_CMP_PER_INDEX'
2015-11-21 10:15:41 4688 [Note] Shutting down plugin 'INNODB_CMPMEM_RESET'
2015-11-21 10:15:41 4688 [Note] Shutting down plugin 'INNODB_CMPMEM'
2015-11-21 10:15:41 4688 [Note] Shutting down plugin 'INNODB_CMP_RESET'
2015-11-21 10:15:41 4688 [Note] Shutting down plugin 'INNODB_CMP'
2015-11-21 10:15:41 4688 [Note] Shutting down plugin 'INNODB_LOCK_WAITS'
2015-11-21 10:15:41 4688 [Note] Shutting down plugin 'INNODB_LOCKS'
2015-11-21 10:15:41 4688 [Note] Shutting down plugin 'INNODB_TRX'
2015-11-21 10:15:41 4688 [Note] Shutting down plugin 'InnoDB'
2015-11-21 10:15:41 4688 [Note] InnoDB: FTS optimize thread exiting.
2015-11-21 10:15:41 4688 [Note] InnoDB: Starting shutdown...
2015-11-21 10:15:42 4688 [Note] InnoDB: Shutdown completed; log sequence number 1625987
2015-11-21 10:15:42 4688 [Note] Shutting down plugin 'BLACKHOLE'
2015-11-21 10:15:42 4688 [Note] Shutting down plugin 'ARCHIVE'
2015-11-21 10:15:42 4688 [Note] Shutting down plugin 'MRG_MYISAM'
2015-11-21 10:15:42 4688 [Note] Shutting down plugin 'MyISAM'
2015-11-21 10:15:42 4688 [Note] Shutting down plugin 'MEMORY'
2015-11-21 10:15:42 4688 [Note] Shutting down plugin 'CSV'
2015-11-21 10:15:42 4688 [Note] Shutting down plugin 'sha256_password'
2015-11-21 10:15:42 4688 [Note] Shutting down plugin 'mysql_old_password'
2015-11-21 10:15:42 4688 [Note] Shutting down plugin 'mysql_native_password'
2015-11-21 10:15:42 4688 [Note] Shutting down plugin 'binlog'
2015-11-21 10:15:42 4688 [Note] wampmysqld64: Shutdown complete

2015-11-21 10:15:56 4320 [Note] Plugin 'FEDERATED' is disabled.
2015-11-21 10:15:56 4320 [Note] InnoDB: Using atomics to ref count buffer pool pages
2015-11-21 10:15:56 4320 [Note] InnoDB: The InnoDB memory heap is disabled
2015-11-21 10:15:56 4320 [Note] InnoDB: Mutexes and rw_locks use Windows interlocked functions
2015-11-21 10:15:56 4320 [Note] InnoDB: Compressed tables use zlib 1.2.3
2015-11-21 10:15:56 4320 [Note] InnoDB: Not using CPU crc32 instructions
2015-11-21 10:15:56 4320 [Note] InnoDB: Initializing buffer pool, size = 128.0M
2015-11-21 10:15:56 4320 [Note] InnoDB: Completed initialization of buffer pool
2015-11-21 10:15:56 4320 [Note] InnoDB: Highest supported file format is Barracuda.
2015-11-21 10:15:56 4320 [Note] InnoDB: The log sequence numbers 1735911 and 1735911 in ibdata files do not match the log sequence number 1839984 in the ib_logfiles!
2015-11-21 10:15:56 4320 [Note] InnoDB: Database was not shutdown normally!
2015-11-21 10:15:56 4320 [Note] InnoDB: Starting crash recovery.
2015-11-21 10:15:56 4320 [Note] InnoDB: Reading tablespace information from the .ibd files...
2015-11-21 10:15:56 4320 [Note] InnoDB: Restoring possible half-written data pages 
2015-11-21 10:15:56 4320 [Note] InnoDB: from the doublewrite buffer...
2015-11-21 10:15:56 4320 [Note] InnoDB: 128 rollback segment(s) are active.
2015-11-21 10:15:56 4320 [Note] InnoDB: Waiting for purge to start
2015-11-21 10:15:56 4320 [Note] InnoDB: 5.6.17 started; log sequence number 1839984
2015-11-21 10:15:56 4320 [Note] Server hostname (bind-address): '*'; port: 3306
2015-11-21 10:15:56 4320 [Note] IPv6 is available.
2015-11-21 10:15:56 4320 [Note]   - '::' resolves to '::';
2015-11-21 10:15:56 4320 [Note] Server socket created on IP: '::'.
2015-11-21 10:15:56 4320 [Note] Event Scheduler: Loaded 0 events
2015-11-21 10:15:56 4320 [Note] wampmysqld64: ready for connections.
Version: '5.6.17'  socket: ''  port: 3306  MySQL Community Server (GPL)
2015-11-21 12:14:38 4320 [Note] wampmysqld64: Normal shutdown

2015-11-21 12:14:38 4320 [Note] Giving 0 client threads a chance to die gracefully
2015-11-21 12:14:38 4320 [Note] Event Scheduler: Purging the queue. 0 events
2015-11-21 12:14:38 4320 [Note] Shutting down slave threads
2015-11-21 12:14:38 4320 [Note] Forcefully disconnecting 0 remaining clients
2015-11-21 12:14:38 4320 [Note] Binlog end
2015-11-21 12:14:38 4320 [Note] Shutting down plugin 'partition'
2015-11-21 12:14:38 4320 [Note] Shutting down plugin 'PERFORMANCE_SCHEMA'
2015-11-21 12:14:38 4320 [Note] Shutting down plugin 'INNODB_SYS_DATAFILES'
2015-11-21 12:14:38 4320 [Note] Shutting down plugin 'INNODB_SYS_TABLESPACES'
2015-11-21 12:14:38 4320 [Note] Shutting down plugin 'INNODB_SYS_FOREIGN_COLS'
2015-11-21 12:14:38 4320 [Note] Shutting down plugin 'INNODB_SYS_FOREIGN'
2015-11-21 12:14:38 4320 [Note] Shutting down plugin 'INNODB_SYS_FIELDS'
2015-11-21 12:14:38 4320 [Note] Shutting down plugin 'INNODB_SYS_COLUMNS'
2015-11-21 12:14:38 4320 [Note] Shutting down plugin 'INNODB_SYS_INDEXES'
2015-11-21 12:14:38 4320 [Note] Shutting down plugin 'INNODB_SYS_TABLESTATS'
2015-11-21 12:14:38 4320 [Note] Shutting down plugin 'INNODB_SYS_TABLES'
2015-11-21 12:14:38 4320 [Note] Shutting down plugin 'INNODB_FT_INDEX_TABLE'
2015-11-21 12:14:38 4320 [Note] Shutting down plugin 'INNODB_FT_INDEX_CACHE'
2015-11-21 12:14:38 4320 [Note] Shutting down plugin 'INNODB_FT_CONFIG'
2015-11-21 12:14:38 4320 [Note] Shutting down plugin 'INNODB_FT_BEING_DELETED'
2015-11-21 12:14:38 4320 [Note] Shutting down plugin 'INNODB_FT_DELETED'
2015-11-21 12:14:38 4320 [Note] Shutting down plugin 'INNODB_FT_DEFAULT_STOPWORD'
2015-11-21 12:14:38 4320 [Note] Shutting down plugin 'INNODB_METRICS'
2015-11-21 12:14:38 4320 [Note] Shutting down plugin 'INNODB_BUFFER_POOL_STATS'
2015-11-21 12:14:38 4320 [Note] Shutting down plugin 'INNODB_BUFFER_PAGE_LRU'
2015-11-21 12:14:38 4320 [Note] Shutting down plugin 'INNODB_BUFFER_PAGE'
2015-11-21 12:14:38 4320 [Note] Shutting down plugin 'INNODB_CMP_PER_INDEX_RESET'
2015-11-21 12:14:38 4320 [Note] Shutting down plugin 'INNODB_CMP_PER_INDEX'
2015-11-21 12:14:38 4320 [Note] Shutting down plugin 'INNODB_CMPMEM_RESET'
2015-11-21 12:14:38 4320 [Note] Shutting down plugin 'INNODB_CMPMEM'
2015-11-21 12:14:38 4320 [Note] Shutting down plugin 'INNODB_CMP_RESET'
2015-11-21 12:14:38 4320 [Note] Shutting down plugin 'INNODB_CMP'
2015-11-21 12:14:38 4320 [Note] Shutting down plugin 'INNODB_LOCK_WAITS'
2015-11-21 12:14:38 4320 [Note] Shutting down plugin 'INNODB_LOCKS'
2015-11-21 12:14:38 4320 [Note] Shutting down plugin 'INNODB_TRX'
2015-11-21 12:14:38 4320 [Note] Shutting down plugin 'InnoDB'
2015-11-21 12:14:38 4320 [Note] InnoDB: FTS optimize thread exiting.
2015-11-21 12:14:38 4320 [Note] InnoDB: Starting shutdown...
2015-11-21 12:14:39 4320 [Note] InnoDB: Shutdown completed; log sequence number 2045586
2015-11-21 12:14:39 4320 [Note] Shutting down plugin 'BLACKHOLE'
2015-11-21 12:14:39 4320 [Note] Shutting down plugin 'ARCHIVE'
2015-11-21 12:14:39 4320 [Note] Shutting down plugin 'MRG_MYISAM'
2015-11-21 12:14:39 4320 [Note] Shutting down plugin 'MyISAM'
2015-11-21 12:14:39 4320 [Note] Shutting down plugin 'MEMORY'
2015-11-21 12:14:39 4320 [Note] Shutting down plugin 'CSV'
2015-11-21 12:14:39 4320 [Note] Shutting down plugin 'sha256_password'
2015-11-21 12:14:39 4320 [Note] Shutting down plugin 'mysql_old_password'
2015-11-21 12:14:39 4320 [Note] Shutting down plugin 'mysql_native_password'
2015-11-21 12:14:39 4320 [Note] Shutting down plugin 'binlog'
2015-11-21 12:14:39 4320 [Note] wampmysqld64: Shutdown complete

